[2024/1/27 - 11:36:50] Attempting to spawn DV Slot ID 0
[2024/1/27 - 11:36:50] Destroying Vehicle ID 0 for DV Slot 0
[2024/1/27 - 11:36:50] Invalid Vehicle Model ID for DV Slot 0
[2024/1/27 - 11:36:50] Attempting to spawn DV Slot ID 1
[2024/1/27 - 11:36:50] Vehicle ID 244 spawned for DV Slot 1
[2024/1/27 - 11:36:50] Attempting to spawn DV Slot ID 2
[2024/1/27 - 11:36:50] Attempting to spawn DV Slot ID 3
[2024/1/27 - 11:36:50] Attempting to spawn DV Slot ID 4
[2024/1/27 - 11:36:50] Attempting to spawn DV Slot ID 5
[2024/1/27 - 11:36:50] Vehicle ID 245 spawned for DV Slot 5
[2024/1/27 - 11:36:50] Attempting to spawn DV Slot ID 6
[2024/1/27 - 11:36:50] Attempting to spawn DV Slot ID 7
[2024/1/27 - 11:36:50] Attempting to spawn DV Slot ID 8
[2024/1/27 - 11:36:50] Vehicle ID 246 spawned for DV Slot 8
[2024/1/27 - 11:36:50] Attempting to spawn DV Slot ID 9
[2024/1/27 - 11:36:50] Vehicle ID 247 spawned for DV Slot 9
[2024/1/27 - 11:36:50] Attempting to spawn DV Slot ID 10
[2024/1/27 - 11:36:50] Vehicle ID 248 spawned for DV Slot 10
[2024/1/27 - 11:36:50] Attempting to spawn DV Slot ID 11
[2024/1/27 - 11:36:50] Attempting to spawn DV Slot ID 12
[2024/1/27 - 11:36:50] Attempting to spawn DV Slot ID 13
[2024/1/27 - 11:36:50] Vehicle ID 249 spawned for DV Slot 13
[2024/1/27 - 11:36:50] Attempting to spawn DV Slot ID 14
[2024/1/27 - 11:36:50] Attempting to spawn DV Slot ID 15
[2024/1/27 - 11:36:50] Vehicle ID 250 spawned for DV Slot 15
[2024/1/27 - 11:36:50] Attempting to spawn DV Slot ID 16
[2024/1/27 - 11:36:50] Attempting to spawn DV Slot ID 17
[2024/1/27 - 11:36:50] Invalid Vehicle Model ID for DV Slot 17
[2024/1/27 - 11:36:50] Attempting to spawn DV Slot ID 18
[2024/1/27 - 11:36:50] Vehicle ID 251 spawned for DV Slot 18
[2024/1/27 - 11:36:50] Attempting to spawn DV Slot ID 19
[2024/1/27 - 11:36:50] Vehicle ID 252 spawned for DV Slot 19
[2024/1/27 - 11:36:50] Attempting to spawn DV Slot ID 20
[2024/1/27 - 11:36:50] Vehicle ID 253 spawned for DV Slot 20
[2024/1/27 - 11:36:50] Attempting to spawn DV Slot ID 21
[2024/1/27 - 11:36:50] Vehicle ID 254 spawned for DV Slot 21
[2024/1/27 - 11:36:50] Attempting to spawn DV Slot ID 22
[2024/1/27 - 11:36:50] Vehicle ID 255 spawned for DV Slot 22
[2024/1/27 - 11:36:50] Attempting to spawn DV Slot ID 23
[2024/1/27 - 11:36:50] Invalid Vehicle Model ID for DV Slot 23
[2024/1/27 - 11:36:50] Attempting to spawn DV Slot ID 24
[2024/1/27 - 11:36:50] Invalid Vehicle Model ID for DV Slot 24
[2024/1/27 - 11:36:50] Attempting to spawn DV Slot ID 25
[2024/1/27 - 11:36:50] Vehicle ID 256 spawned for DV Slot 25
[2024/1/27 - 11:36:50] Attempting to spawn DV Slot ID 26
[2024/1/27 - 11:36:50] Invalid Vehicle Model ID for DV Slot 26
[2024/1/27 - 11:36:50] Attempting to spawn DV Slot ID 27
[2024/1/27 - 11:36:50] Attempting to spawn DV Slot ID 28
[2024/1/27 - 11:36:50] Attempting to spawn DV Slot ID 29
[2024/1/27 - 11:36:50] Invalid Vehicle Model ID for DV Slot 29
[2024/1/27 - 11:36:50] Attempting to spawn DV Slot ID 30
[2024/1/27 - 11:36:50] Attempting to spawn DV Slot ID 31
[2024/1/27 - 11:36:50] Attempting to spawn DV Slot ID 32
[2024/1/27 - 11:36:50] Attempting to spawn DV Slot ID 33
[2024/1/27 - 11:36:50] Vehicle ID 257 spawned for DV Slot 33
[2024/1/27 - 11:36:50] Attempting to spawn DV Slot ID 34
[2024/1/27 - 11:36:50] Vehicle ID 258 spawned for DV Slot 34
[2024/1/27 - 11:36:50] Attempting to spawn DV Slot ID 35
[2024/1/27 - 11:36:50] Vehicle ID 259 spawned for DV Slot 35
[2024/1/27 - 11:36:50] Attempting to spawn DV Slot ID 36
[2024/1/27 - 11:36:50] Attempting to spawn DV Slot ID 38
[2024/1/27 - 11:36:50] Attempting to spawn DV Slot ID 39
[2024/1/27 - 11:36:50] Attempting to spawn DV Slot ID 40
[2024/1/27 - 11:36:50] Attempting to spawn DV Slot ID 41
[2024/1/27 - 11:36:50] Attempting to spawn DV Slot ID 42
[2024/1/27 - 11:36:50] Attempting to spawn DV Slot ID 43
[2024/1/27 - 11:36:50] Invalid Vehicle Model ID for DV Slot 43
[2024/1/27 - 11:36:50] Attempting to spawn DV Slot ID 44
[2024/1/27 - 11:36:50] Attempting to spawn DV Slot ID 45
[2024/1/27 - 11:36:50] Attempting to spawn DV Slot ID 46
[2024/1/27 - 11:36:50] Attempting to spawn DV Slot ID 47
[2024/1/27 - 11:36:50] Vehicle ID 260 spawned for DV Slot 47
[2024/1/27 - 11:36:50] Attempting to spawn DV Slot ID 48
[2024/1/27 - 11:36:50] Attempting to spawn DV Slot ID 50
[2024/1/27 - 11:36:50] Vehicle ID 261 spawned for DV Slot 50
[2024/1/27 - 11:36:50] Attempting to spawn DV Slot ID 51
[2024/1/27 - 11:36:50] Attempting to spawn DV Slot ID 52
[2024/1/27 - 11:36:50] Attempting to spawn DV Slot ID 53
[2024/1/27 - 11:36:50] Attempting to spawn DV Slot ID 54
[2024/1/27 - 11:36:50] Attempting to spawn DV Slot ID 55
[2024/1/27 - 11:36:50] Attempting to spawn DV Slot ID 56
[2024/1/27 - 11:36:50] Attempting to spawn DV Slot ID 57
[2024/1/27 - 11:36:50] Attempting to spawn DV Slot ID 58
[2024/1/27 - 11:36:50] Vehicle ID 262 spawned for DV Slot 58
[2024/1/27 - 11:36:50] Attempting to spawn DV Slot ID 59
[2024/1/27 - 11:36:50] Attempting to spawn DV Slot ID 60
[2024/1/27 - 11:36:50] Attempting to spawn DV Slot ID 61
[2024/1/27 - 11:36:50] Attempting to spawn DV Slot ID 62
[2024/1/27 - 11:36:50] Attempting to spawn DV Slot ID 63
[2024/1/27 - 11:36:50] Attempting to spawn DV Slot ID 64
[2024/1/27 - 11:36:50] Vehicle ID 263 spawned for DV Slot 64
[2024/1/27 - 11:36:50] Attempting to spawn DV Slot ID 65
[2024/1/27 - 11:36:50] Attempting to spawn DV Slot ID 66
[2024/1/27 - 11:36:50] Attempting to spawn DV Slot ID 67
[2024/1/27 - 11:36:50] Attempting to spawn DV Slot ID 68
[2024/1/27 - 11:36:50] Vehicle ID 264 spawned for DV Slot 68
[2024/1/27 - 11:36:50] Attempting to spawn DV Slot ID 69
[2024/1/27 - 11:36:50] Vehicle ID 265 spawned for DV Slot 69
[2024/1/27 - 11:36:50] Attempting to spawn DV Slot ID 70
[2024/1/27 - 11:36:50] Vehicle ID 266 spawned for DV Slot 70
[2024/1/27 - 11:36:50] Attempting to spawn DV Slot ID 71
[2024/1/27 - 11:36:50] Attempting to spawn DV Slot ID 72
[2024/1/27 - 11:36:50] Attempting to spawn DV Slot ID 73
[2024/1/27 - 11:36:50] Vehicle ID 267 spawned for DV Slot 73
[2024/1/27 - 11:36:50] Attempting to spawn DV Slot ID 74
[2024/1/27 - 11:36:50] Attempting to spawn DV Slot ID 75
[2024/1/27 - 11:36:50] Vehicle ID 268 spawned for DV Slot 75
[2024/1/27 - 11:36:50] Attempting to spawn DV Slot ID 76
[2024/1/27 - 11:36:50] Attempting to spawn DV Slot ID 77
[2024/1/27 - 11:36:50] Vehicle ID 269 spawned for DV Slot 77
[2024/1/27 - 11:36:50] Attempting to spawn DV Slot ID 78
[2024/1/27 - 11:36:50] Vehicle ID 270 spawned for DV Slot 78
[2024/1/27 - 11:36:50] Attempting to spawn DV Slot ID 79
[2024/1/27 - 11:36:50] Attempting to spawn DV Slot ID 80
[2024/1/27 - 11:36:50] Vehicle ID 271 spawned for DV Slot 80
[2024/1/27 - 11:36:50] Attempting to spawn DV Slot ID 81
[2024/1/27 - 11:36:50] Attempting to spawn DV Slot ID 82
[2024/1/27 - 11:36:50] Attempting to spawn DV Slot ID 83
[2024/1/27 - 11:36:50] Attempting to spawn DV Slot ID 84
[2024/1/27 - 11:36:50] Vehicle ID 272 spawned for DV Slot 84
[2024/1/27 - 11:36:50] Attempting to spawn DV Slot ID 85
[2024/1/27 - 11:36:50] Attempting to spawn DV Slot ID 86
[2024/1/27 - 11:36:50] Vehicle ID 273 spawned for DV Slot 86
[2024/1/27 - 11:36:50] Attempting to spawn DV Slot ID 87
[2024/1/27 - 11:36:50] Attempting to spawn DV Slot ID 88
[2024/1/27 - 11:36:50] Attempting to spawn DV Slot ID 89
[2024/1/27 - 11:36:50] Attempting to spawn DV Slot ID 90
[2024/1/27 - 11:36:50] Vehicle ID 274 spawned for DV Slot 90
[2024/1/27 - 11:36:50] Attempting to spawn DV Slot ID 91
[2024/1/27 - 11:36:50] Attempting to spawn DV Slot ID 92
[2024/1/27 - 11:36:50] Attempting to spawn DV Slot ID 93
[2024/1/27 - 11:36:50] Vehicle ID 275 spawned for DV Slot 93
[2024/1/27 - 11:36:50] Attempting to spawn DV Slot ID 94
[2024/1/27 - 11:36:50] Attempting to spawn DV Slot ID 95
[2024/1/27 - 11:36:50] Attempting to spawn DV Slot ID 96
[2024/1/27 - 11:36:50] Vehicle ID 276 spawned for DV Slot 96
[2024/1/27 - 11:36:50] Attempting to spawn DV Slot ID 97
[2024/1/27 - 11:36:50] Attempting to spawn DV Slot ID 98
[2024/1/27 - 11:36:50] Attempting to spawn DV Slot ID 99
[2024/1/27 - 11:36:50] Attempting to spawn DV Slot ID 100
[2024/1/27 - 11:36:50] Attempting to spawn DV Slot ID 101
[2024/1/27 - 11:36:50] Vehicle ID 277 spawned for DV Slot 101
[2024/1/27 - 11:36:50] Attempting to spawn DV Slot ID 102
[2024/1/27 - 11:36:50] Attempting to spawn DV Slot ID 103
[2024/1/27 - 11:36:50] Attempting to spawn DV Slot ID 104
[2024/1/27 - 11:36:50] Attempting to spawn DV Slot ID 105
[2024/1/27 - 11:36:50] Vehicle ID 278 spawned for DV Slot 105
[2024/1/27 - 11:36:50] Attempting to spawn DV Slot ID 106
[2024/1/27 - 11:36:50] Attempting to spawn DV Slot ID 107
[2024/1/27 - 11:36:50] Attempting to spawn DV Slot ID 108
[2024/1/27 - 11:36:50] Attempting to spawn DV Slot ID 109
[2024/1/27 - 11:36:50] Attempting to spawn DV Slot ID 110
[2024/1/27 - 11:36:50] Attempting to spawn DV Slot ID 111
[2024/1/27 - 11:36:50] Attempting to spawn DV Slot ID 112
[2024/1/27 - 11:36:50] Attempting to spawn DV Slot ID 113
[2024/1/27 - 11:36:50] Vehicle ID 279 spawned for DV Slot 113
[2024/1/27 - 11:36:50] Attempting to spawn DV Slot ID 114
[2024/1/27 - 11:36:50] Vehicle ID 280 spawned for DV Slot 114
[2024/1/27 - 11:36:50] Attempting to spawn DV Slot ID 115
[2024/1/27 - 11:36:50] Attempting to spawn DV Slot ID 116
[2024/1/27 - 11:36:50] Attempting to spawn DV Slot ID 117
[2024/1/27 - 11:36:50] Vehicle ID 281 spawned for DV Slot 117
[2024/1/27 - 11:36:50] Attempting to spawn DV Slot ID 118
[2024/1/27 - 11:36:50] Attempting to spawn DV Slot ID 120
[2024/1/27 - 11:36:50] Invalid Vehicle Model ID for DV Slot 120
[2024/1/27 - 11:36:50] Attempting to spawn DV Slot ID 121
[2024/1/27 - 11:36:50] Vehicle ID 282 spawned for DV Slot 121
[2024/1/27 - 11:36:50] Attempting to spawn DV Slot ID 122
[2024/1/27 - 11:36:50] Attempting to spawn DV Slot ID 123
[2024/1/27 - 11:36:50] Vehicle ID 283 spawned for DV Slot 123
[2024/1/27 - 11:36:50] Attempting to spawn DV Slot ID 124
[2024/1/27 - 11:36:50] Vehicle ID 284 spawned for DV Slot 124
[2024/1/27 - 11:36:50] Attempting to spawn DV Slot ID 125
[2024/1/27 - 11:36:50] Vehicle ID 285 spawned for DV Slot 125
[2024/1/27 - 11:36:50] Attempting to spawn DV Slot ID 126
[2024/1/27 - 11:36:50] Invalid Vehicle Model ID for DV Slot 126
[2024/1/27 - 11:36:50] Attempting to spawn DV Slot ID 127
[2024/1/27 - 11:36:50] Attempting to spawn DV Slot ID 128
[2024/1/27 - 11:36:50] Attempting to spawn DV Slot ID 129
[2024/1/27 - 11:36:50] Vehicle ID 286 spawned for DV Slot 129
[2024/1/27 - 11:36:50] Attempting to spawn DV Slot ID 130
[2024/1/27 - 11:36:50] Attempting to spawn DV Slot ID 131
[2024/1/27 - 11:36:50] Attempting to spawn DV Slot ID 132
[2024/1/27 - 11:36:50] Attempting to spawn DV Slot ID 133
[2024/1/27 - 11:36:50] Attempting to spawn DV Slot ID 134
[2024/1/27 - 11:36:50] Attempting to spawn DV Slot ID 135
[2024/1/27 - 11:36:50] Invalid Vehicle Model ID for DV Slot 135
[2024/1/27 - 11:36:50] Attempting to spawn DV Slot ID 136
[2024/1/27 - 11:36:50] Attempting to spawn DV Slot ID 137
[2024/1/27 - 11:36:50] Vehicle ID 287 spawned for DV Slot 137
[2024/1/27 - 11:36:50] Attempting to spawn DV Slot ID 138
[2024/1/27 - 11:36:50] Attempting to spawn DV Slot ID 139
[2024/1/27 - 11:36:50] Vehicle ID 288 spawned for DV Slot 139
[2024/1/27 - 11:36:50] Attempting to spawn DV Slot ID 140
[2024/1/27 - 11:36:50] Attempting to spawn DV Slot ID 141
[2024/1/27 - 11:36:50] Attempting to spawn DV Slot ID 142
[2024/1/27 - 11:36:50] Attempting to spawn DV Slot ID 143
[2024/1/27 - 11:36:50] Attempting to spawn DV Slot ID 144
[2024/1/27 - 11:36:50] Vehicle ID 289 spawned for DV Slot 144
[2024/1/27 - 11:36:50] Attempting to spawn DV Slot ID 145
[2024/1/27 - 11:36:50] Attempting to spawn DV Slot ID 147
[2024/1/27 - 11:36:50] Attempting to spawn DV Slot ID 148
[2024/1/27 - 11:36:50] Attempting to spawn DV Slot ID 149
[2024/1/27 - 11:36:50] Vehicle ID 290 spawned for DV Slot 149
[2024/1/27 - 11:36:50] Attempting to spawn DV Slot ID 150
[2024/1/27 - 11:36:50] Attempting to spawn DV Slot ID 151
[2024/1/27 - 11:36:50] Vehicle ID 291 spawned for DV Slot 151
[2024/1/27 - 11:36:50] Attempting to spawn DV Slot ID 152
[2024/1/27 - 11:36:50] Vehicle ID 292 spawned for DV Slot 152
[2024/1/27 - 11:36:50] Attempting to spawn DV Slot ID 153
[2024/1/27 - 11:36:50] Vehicle ID 293 spawned for DV Slot 153
[2024/1/27 - 11:36:50] Attempting to spawn DV Slot ID 154
[2024/1/27 - 11:36:50] Attempting to spawn DV Slot ID 155
[2024/1/27 - 11:36:50] Vehicle ID 294 spawned for DV Slot 155
[2024/1/27 - 11:36:50] Attempting to spawn DV Slot ID 156
[2024/1/27 - 11:36:50] Attempting to spawn DV Slot ID 157
[2024/1/27 - 11:36:50] Vehicle ID 295 spawned for DV Slot 157
[2024/1/27 - 11:36:50] Attempting to spawn DV Slot ID 158
[2024/1/27 - 11:36:50] Vehicle ID 296 spawned for DV Slot 158
[2024/1/27 - 11:36:50] Attempting to spawn DV Slot ID 159
[2024/1/27 - 11:36:50] Vehicle ID 297 spawned for DV Slot 159
[2024/1/27 - 11:36:50] Attempting to spawn DV Slot ID 160
[2024/1/27 - 11:36:50] Attempting to spawn DV Slot ID 161
[2024/1/27 - 11:36:50] Attempting to spawn DV Slot ID 162
[2024/1/27 - 11:36:50] Attempting to spawn DV Slot ID 163
[2024/1/27 - 11:36:50] Invalid Vehicle Model ID for DV Slot 163
[2024/1/27 - 11:36:50] Attempting to spawn DV Slot ID 164
[2024/1/27 - 11:36:50] Vehicle ID 298 spawned for DV Slot 164
[2024/1/27 - 11:36:50] Attempting to spawn DV Slot ID 165
[2024/1/27 - 11:36:50] Attempting to spawn DV Slot ID 166
[2024/1/27 - 11:36:50] Invalid Vehicle Model ID for DV Slot 166
[2024/1/27 - 11:36:50] Attempting to spawn DV Slot ID 167
[2024/1/27 - 11:36:50] Vehicle ID 299 spawned for DV Slot 167
[2024/1/27 - 11:36:50] Attempting to spawn DV Slot ID 168
[2024/1/27 - 11:36:50] Attempting to spawn DV Slot ID 169
[2024/1/27 - 11:36:50] Attempting to spawn DV Slot ID 170
[2024/1/27 - 11:36:50] Vehicle ID 300 spawned for DV Slot 170
[2024/1/27 - 11:36:50] Attempting to spawn DV Slot ID 171
[2024/1/27 - 11:36:50] Attempting to spawn DV Slot ID 172
[2024/1/27 - 11:36:50] Vehicle ID 301 spawned for DV Slot 172
[2024/1/27 - 11:36:50] Attempting to spawn DV Slot ID 173
[2024/1/27 - 11:36:50] Attempting to spawn DV Slot ID 174
[2024/1/27 - 11:36:50] Vehicle ID 302 spawned for DV Slot 174
[2024/1/27 - 11:36:50] Attempting to spawn DV Slot ID 175
[2024/1/27 - 11:36:50] Attempting to spawn DV Slot ID 176
[2024/1/27 - 11:36:50] Vehicle ID 303 spawned for DV Slot 176
[2024/1/27 - 11:36:50] Attempting to spawn DV Slot ID 177
[2024/1/27 - 11:36:50] Vehicle ID 304 spawned for DV Slot 177
[2024/1/27 - 11:36:50] Attempting to spawn DV Slot ID 179
[2024/1/27 - 11:36:50] Vehicle ID 305 spawned for DV Slot 179
[2024/1/27 - 11:36:50] Attempting to spawn DV Slot ID 180
[2024/1/27 - 11:36:50] Attempting to spawn DV Slot ID 181
[2024/1/27 - 11:36:50] Vehicle ID 306 spawned for DV Slot 181
[2024/1/27 - 11:36:50] Attempting to spawn DV Slot ID 182
[2024/1/27 - 11:36:50] Vehicle ID 307 spawned for DV Slot 182
[2024/1/27 - 11:36:50] Attempting to spawn DV Slot ID 183
[2024/1/27 - 11:36:50] Attempting to spawn DV Slot ID 184
[2024/1/27 - 11:36:50] Vehicle ID 308 spawned for DV Slot 184
[2024/1/27 - 11:36:50] Attempting to spawn DV Slot ID 185
[2024/1/27 - 11:36:50] Vehicle ID 309 spawned for DV Slot 185
[2024/1/27 - 11:36:50] Attempting to spawn DV Slot ID 186
[2024/1/27 - 11:36:50] Vehicle ID 310 spawned for DV Slot 186
[2024/1/27 - 11:36:50] Attempting to spawn DV Slot ID 187
[2024/1/27 - 11:36:50] Attempting to spawn DV Slot ID 188
[2024/1/27 - 11:36:50] Attempting to spawn DV Slot ID 189
[2024/1/27 - 11:36:50] Vehicle ID 311 spawned for DV Slot 189
[2024/1/27 - 11:36:50] Attempting to spawn DV Slot ID 190
[2024/1/27 - 11:36:50] Vehicle ID 312 spawned for DV Slot 190
[2024/1/27 - 11:36:50] Attempting to spawn DV Slot ID 191
[2024/1/27 - 11:36:50] Attempting to spawn DV Slot ID 192
[2024/1/27 - 11:36:50] Vehicle ID 313 spawned for DV Slot 192
[2024/1/27 - 11:36:50] Attempting to spawn DV Slot ID 193
[2024/1/27 - 11:36:50] Attempting to spawn DV Slot ID 194
[2024/1/27 - 11:36:50] Attempting to spawn DV Slot ID 196
[2024/1/27 - 11:36:50] Attempting to spawn DV Slot ID 197
[2024/1/27 - 11:36:50] Vehicle ID 314 spawned for DV Slot 197
[2024/1/27 - 11:36:50] Attempting to spawn DV Slot ID 198
[2024/1/27 - 11:36:50] Attempting to spawn DV Slot ID 199
[2024/1/27 - 11:36:50] Vehicle ID 315 spawned for DV Slot 199
[2024/1/27 - 11:36:50] Attempting to spawn DV Slot ID 200
[2024/1/27 - 11:36:50] Vehicle ID 316 spawned for DV Slot 200
[2024/1/27 - 11:36:50] Attempting to spawn DV Slot ID 201
[2024/1/27 - 11:36:50] Vehicle ID 317 spawned for DV Slot 201
[2024/1/27 - 11:36:50] Attempting to spawn DV Slot ID 202
[2024/1/27 - 11:36:50] Vehicle ID 318 spawned for DV Slot 202
[2024/1/27 - 11:36:50] Attempting to spawn DV Slot ID 204
[2024/1/27 - 11:36:50] Attempting to spawn DV Slot ID 205
[2024/1/27 - 11:36:50] Attempting to spawn DV Slot ID 206
[2024/1/27 - 11:36:50] Attempting to spawn DV Slot ID 207
[2024/1/27 - 11:36:50] Attempting to spawn DV Slot ID 208
[2024/1/27 - 11:36:50] Attempting to spawn DV Slot ID 209
[2024/1/27 - 11:36:50] Invalid Vehicle Model ID for DV Slot 209
[2024/1/27 - 11:36:50] Attempting to spawn DV Slot ID 210
[2024/1/27 - 11:36:50] Vehicle ID 319 spawned for DV Slot 210
[2024/1/27 - 11:36:50] Attempting to spawn DV Slot ID 212
[2024/1/27 - 11:36:50] Vehicle ID 320 spawned for DV Slot 212
[2024/1/27 - 11:36:50] Attempting to spawn DV Slot ID 213
[2024/1/27 - 11:36:50] Vehicle ID 321 spawned for DV Slot 213
[2024/1/27 - 11:36:50] Attempting to spawn DV Slot ID 214
[2024/1/27 - 11:36:50] Vehicle ID 322 spawned for DV Slot 214
[2024/1/27 - 11:36:50] Attempting to spawn DV Slot ID 215
[2024/1/27 - 11:36:50] Attempting to spawn DV Slot ID 216
[2024/1/27 - 11:36:50] Vehicle ID 323 spawned for DV Slot 216
[2024/1/27 - 11:36:50] Attempting to spawn DV Slot ID 217
[2024/1/27 - 11:36:50] Vehicle ID 324 spawned for DV Slot 217
[2024/1/27 - 11:36:50] Attempting to spawn DV Slot ID 218
[2024/1/27 - 11:36:50] Vehicle ID 325 spawned for DV Slot 218
[2024/1/27 - 11:36:50] Attempting to spawn DV Slot ID 219
[2024/1/27 - 11:36:50] Attempting to spawn DV Slot ID 220
[2024/1/27 - 11:36:50] Vehicle ID 326 spawned for DV Slot 220
[2024/1/27 - 11:36:50] Attempting to spawn DV Slot ID 221
[2024/1/27 - 11:36:50] Vehicle ID 327 spawned for DV Slot 221
[2024/1/27 - 11:36:50] Attempting to spawn DV Slot ID 222
[2024/1/27 - 11:36:50] Vehicle ID 328 spawned for DV Slot 222
[2024/1/27 - 11:36:50] Attempting to spawn DV Slot ID 223
[2024/1/27 - 11:36:50] Vehicle ID 329 spawned for DV Slot 223
[2024/1/27 - 11:36:50] Attempting to spawn DV Slot ID 224
[2024/1/27 - 11:36:50] Attempting to spawn DV Slot ID 225
[2024/1/27 - 11:36:50] Attempting to spawn DV Slot ID 226
[2024/1/27 - 11:36:50] Attempting to spawn DV Slot ID 227
[2024/1/27 - 11:36:50] Attempting to spawn DV Slot ID 228
[2024/1/27 - 11:36:50] Vehicle ID 330 spawned for DV Slot 228
[2024/1/27 - 11:36:50] Attempting to spawn DV Slot ID 229
[2024/1/27 - 11:36:50] Attempting to spawn DV Slot ID 230
[2024/1/27 - 11:36:50] Vehicle ID 331 spawned for DV Slot 230
[2024/1/27 - 11:36:50] Attempting to spawn DV Slot ID 231
[2024/1/27 - 11:36:50] Attempting to spawn DV Slot ID 232
[2024/1/27 - 11:36:50] Vehicle ID 332 spawned for DV Slot 232
[2024/1/27 - 11:36:50] Attempting to spawn DV Slot ID 233
[2024/1/27 - 11:36:50] Attempting to spawn DV Slot ID 234
[2024/1/27 - 11:36:50] Vehicle ID 333 spawned for DV Slot 234
[2024/1/27 - 11:36:50] Attempting to spawn DV Slot ID 235
[2024/1/27 - 11:36:50] Vehicle ID 334 spawned for DV Slot 235
[2024/1/27 - 11:36:50] Attempting to spawn DV Slot ID 236
[2024/1/27 - 11:36:50] Vehicle ID 335 spawned for DV Slot 236
[2024/1/27 - 11:36:50] Attempting to spawn DV Slot ID 237
[2024/1/27 - 11:36:50] Vehicle ID 336 spawned for DV Slot 237
[2024/1/27 - 11:36:50] Attempting to spawn DV Slot ID 238
[2024/1/27 - 11:36:50] Vehicle ID 337 spawned for DV Slot 238
[2024/1/27 - 11:36:50] Attempting to spawn DV Slot ID 239
[2024/1/27 - 11:36:50] Attempting to spawn DV Slot ID 240
[2024/1/27 - 11:36:50] Attempting to spawn DV Slot ID 241
[2024/1/27 - 11:36:50] Vehicle ID 338 spawned for DV Slot 241
[2024/1/27 - 11:36:50] Attempting to spawn DV Slot ID 243
[2024/1/27 - 11:36:50] Vehicle ID 339 spawned for DV Slot 243
[2024/1/27 - 11:36:50] Attempting to spawn DV Slot ID 244
[2024/1/27 - 11:36:50] Vehicle ID 340 spawned for DV Slot 244
[2024/1/27 - 11:36:50] Attempting to spawn DV Slot ID 245
[2024/1/27 - 11:36:50] Vehicle ID 341 spawned for DV Slot 245
[2024/1/27 - 11:36:50] Attempting to spawn DV Slot ID 246
[2024/1/27 - 11:36:50] Attempting to spawn DV Slot ID 247
[2024/1/27 - 11:36:50] Vehicle ID 342 spawned for DV Slot 247
[2024/1/27 - 11:36:50] Attempting to spawn DV Slot ID 248
[2024/1/27 - 11:36:50] Vehicle ID 343 spawned for DV Slot 248
[2024/1/27 - 11:36:50] Attempting to spawn DV Slot ID 249
[2024/1/27 - 11:36:50] Vehicle ID 344 spawned for DV Slot 249
[2024/1/27 - 11:36:50] Attempting to spawn DV Slot ID 250
[2024/1/27 - 11:36:50] Vehicle ID 345 spawned for DV Slot 250
[2024/1/27 - 11:36:50] Attempting to spawn DV Slot ID 251
[2024/1/27 - 11:36:50] Vehicle ID 346 spawned for DV Slot 251
[2024/1/27 - 11:36:50] Attempting to spawn DV Slot ID 252
[2024/1/27 - 11:36:50] Attempting to spawn DV Slot ID 253
[2024/1/27 - 11:36:50] Vehicle ID 347 spawned for DV Slot 253
[2024/1/27 - 11:36:50] Attempting to spawn DV Slot ID 255
[2024/1/27 - 11:36:50] Attempting to spawn DV Slot ID 256
[2024/1/27 - 11:36:50] Vehicle ID 348 spawned for DV Slot 256
[2024/1/27 - 11:36:50] Attempting to spawn DV Slot ID 257
[2024/1/27 - 11:36:50] Attempting to spawn DV Slot ID 258
[2024/1/27 - 11:36:50] Vehicle ID 349 spawned for DV Slot 258
[2024/1/27 - 11:36:50] Attempting to spawn DV Slot ID 259
[2024/1/27 - 11:36:50] Attempting to spawn DV Slot ID 260
[2024/1/27 - 11:36:50] Vehicle ID 350 spawned for DV Slot 260
[2024/1/27 - 11:36:50] Attempting to spawn DV Slot ID 261
[2024/1/27 - 11:36:50] Vehicle ID 351 spawned for DV Slot 261
[2024/1/27 - 11:36:50] Attempting to spawn DV Slot ID 262
[2024/1/27 - 11:36:50] Vehicle ID 352 spawned for DV Slot 262
[2024/1/27 - 11:36:50] Attempting to spawn DV Slot ID 263
[2024/1/27 - 11:36:50] Vehicle ID 353 spawned for DV Slot 263
[2024/1/27 - 11:36:50] Attempting to spawn DV Slot ID 264
[2024/1/27 - 11:36:50] Vehicle ID 354 spawned for DV Slot 264
[2024/1/27 - 11:36:50] Attempting to spawn DV Slot ID 265
[2024/1/27 - 11:36:50] Vehicle ID 355 spawned for DV Slot 265
[2024/1/27 - 11:36:50] Attempting to spawn DV Slot ID 266
[2024/1/27 - 11:36:50] Vehicle ID 356 spawned for DV Slot 266
[2024/1/27 - 11:36:50] Attempting to spawn DV Slot ID 267
[2024/1/27 - 11:36:50] Attempting to spawn DV Slot ID 268
[2024/1/27 - 11:36:50] Vehicle ID 357 spawned for DV Slot 268
[2024/1/27 - 11:36:50] Attempting to spawn DV Slot ID 269
[2024/1/27 - 11:36:50] Vehicle ID 358 spawned for DV Slot 269
[2024/1/27 - 11:36:50] Attempting to spawn DV Slot ID 270
[2024/1/27 - 11:36:50] Vehicle ID 359 spawned for DV Slot 270
[2024/1/27 - 11:36:50] Attempting to spawn DV Slot ID 271
[2024/1/27 - 11:36:50] Attempting to spawn DV Slot ID 272
[2024/1/27 - 11:36:50] Vehicle ID 360 spawned for DV Slot 272
[2024/1/27 - 11:36:50] Attempting to spawn DV Slot ID 273
[2024/1/27 - 11:36:50] Attempting to spawn DV Slot ID 274
[2024/1/27 - 11:36:50] Vehicle ID 361 spawned for DV Slot 274
[2024/1/27 - 11:36:50] Attempting to spawn DV Slot ID 275
[2024/1/27 - 11:36:50] Vehicle ID 362 spawned for DV Slot 275
[2024/1/27 - 11:36:50] Attempting to spawn DV Slot ID 276
[2024/1/27 - 11:36:50] Invalid Vehicle Model ID for DV Slot 276
[2024/1/27 - 11:36:50] Attempting to spawn DV Slot ID 277
[2024/1/27 - 11:36:50] Attempting to spawn DV Slot ID 278
[2024/1/27 - 11:36:50] Vehicle ID 363 spawned for DV Slot 278
[2024/1/27 - 11:36:50] Attempting to spawn DV Slot ID 279
[2024/1/27 - 11:36:50] Vehicle ID 364 spawned for DV Slot 279
[2024/1/27 - 11:36:50] Attempting to spawn DV Slot ID 280
[2024/1/27 - 11:36:50] Vehicle ID 365 spawned for DV Slot 280
[2024/1/27 - 11:36:50] Attempting to spawn DV Slot ID 281
[2024/1/27 - 11:36:50] Attempting to spawn DV Slot ID 282
[2024/1/27 - 11:36:50] Attempting to spawn DV Slot ID 284
[2024/1/27 - 11:36:50] Attempting to spawn DV Slot ID 285
[2024/1/27 - 11:36:50] Attempting to spawn DV Slot ID 286
[2024/1/27 - 11:36:50] Attempting to spawn DV Slot ID 287
[2024/1/27 - 11:36:50] Vehicle ID 366 spawned for DV Slot 287
[2024/1/27 - 11:36:50] Attempting to spawn DV Slot ID 288
[2024/1/27 - 11:36:50] Vehicle ID 367 spawned for DV Slot 288
[2024/1/27 - 11:36:50] Attempting to spawn DV Slot ID 289
[2024/1/27 - 11:36:50] Vehicle ID 368 spawned for DV Slot 289
[2024/1/27 - 11:36:50] Attempting to spawn DV Slot ID 291
[2024/1/27 - 11:36:50] Vehicle ID 369 spawned for DV Slot 291
[2024/1/27 - 11:36:50] Attempting to spawn DV Slot ID 292
[2024/1/27 - 11:36:50] Attempting to spawn DV Slot ID 293
[2024/1/27 - 11:36:50] Vehicle ID 370 spawned for DV Slot 293
[2024/1/27 - 11:36:50] Attempting to spawn DV Slot ID 294
[2024/1/27 - 11:36:50] Attempting to spawn DV Slot ID 295
[2024/1/27 - 11:36:50] Attempting to spawn DV Slot ID 296
[2024/1/27 - 11:36:50] Attempting to spawn DV Slot ID 297
[2024/1/27 - 11:36:50] Attempting to spawn DV Slot ID 298
[2024/1/27 - 11:36:50] Attempting to spawn DV Slot ID 299
[2024/1/27 - 11:36:50] Vehicle ID 371 spawned for DV Slot 299
[2024/1/27 - 11:36:50] Attempting to spawn DV Slot ID 300
[2024/1/27 - 11:36:50] Vehicle ID 372 spawned for DV Slot 300
[2024/1/27 - 11:36:50] Attempting to spawn DV Slot ID 301
[2024/1/27 - 11:36:50] Vehicle ID 373 spawned for DV Slot 301
[2024/1/27 - 11:36:50] Attempting to spawn DV Slot ID 302
[2024/1/27 - 11:36:50] Vehicle ID 374 spawned for DV Slot 302
[2024/1/27 - 11:36:50] Attempting to spawn DV Slot ID 303
[2024/1/27 - 11:36:50] Attempting to spawn DV Slot ID 304
[2024/1/27 - 11:36:50] Vehicle ID 375 spawned for DV Slot 304
[2024/1/27 - 11:36:50] Attempting to spawn DV Slot ID 305
[2024/1/27 - 11:36:50] Vehicle ID 376 spawned for DV Slot 305
[2024/1/27 - 11:36:50] Attempting to spawn DV Slot ID 306
[2024/1/27 - 11:36:50] Vehicle ID 377 spawned for DV Slot 306
[2024/1/27 - 11:36:50] Attempting to spawn DV Slot ID 307
[2024/1/27 - 11:36:50] Vehicle ID 378 spawned for DV Slot 307
[2024/1/27 - 11:36:50] Attempting to spawn DV Slot ID 308
[2024/1/27 - 11:36:50] Vehicle ID 379 spawned for DV Slot 308
[2024/1/27 - 11:36:50] Attempting to spawn DV Slot ID 309
[2024/1/27 - 11:36:50] Vehicle ID 380 spawned for DV Slot 309
[2024/1/27 - 11:36:50] Attempting to spawn DV Slot ID 310
[2024/1/27 - 11:36:50] Vehicle ID 381 spawned for DV Slot 310
[2024/1/27 - 11:36:50] Attempting to spawn DV Slot ID 311
[2024/1/27 - 11:36:50] Invalid Vehicle Model ID for DV Slot 311
[2024/1/27 - 11:36:50] Attempting to spawn DV Slot ID 312
[2024/1/27 - 11:36:50] Vehicle ID 382 spawned for DV Slot 312
[2024/1/27 - 11:36:50] Attempting to spawn DV Slot ID 314
[2024/1/27 - 11:36:50] Attempting to spawn DV Slot ID 315
[2024/1/27 - 11:36:50] Attempting to spawn DV Slot ID 316
[2024/1/27 - 11:36:50] Attempting to spawn DV Slot ID 317
[2024/1/27 - 11:36:50] Vehicle ID 383 spawned for DV Slot 317
[2024/1/27 - 11:36:50] Attempting to spawn DV Slot ID 318
[2024/1/27 - 11:36:50] Vehicle ID 384 spawned for DV Slot 318
[2024/1/27 - 11:36:50] Attempting to spawn DV Slot ID 319
[2024/1/27 - 11:36:50] Vehicle ID 385 spawned for DV Slot 319
[2024/1/27 - 11:36:50] Attempting to spawn DV Slot ID 320
[2024/1/27 - 11:36:50] Vehicle ID 386 spawned for DV Slot 320
[2024/1/27 - 11:36:50] Attempting to spawn DV Slot ID 321
[2024/1/27 - 11:36:50] Vehicle ID 387 spawned for DV Slot 321
[2024/1/27 - 11:36:50] Attempting to spawn DV Slot ID 322
[2024/1/27 - 11:36:50] Vehicle ID 388 spawned for DV Slot 322
[2024/1/27 - 11:36:50] Attempting to spawn DV Slot ID 323
[2024/1/27 - 11:36:50] Attempting to spawn DV Slot ID 324
[2024/1/27 - 11:36:50] Vehicle ID 389 spawned for DV Slot 324
[2024/1/27 - 11:36:50] Attempting to spawn DV Slot ID 325
[2024/1/27 - 11:36:50] Vehicle ID 390 spawned for DV Slot 325
[2024/1/27 - 11:36:50] Attempting to spawn DV Slot ID 326
[2024/1/27 - 11:36:50] Vehicle ID 391 spawned for DV Slot 326
[2024/1/27 - 11:36:50] Attempting to spawn DV Slot ID 327
[2024/1/27 - 11:36:50] Invalid Vehicle Model ID for DV Slot 327
[2024/1/27 - 11:36:50] Attempting to spawn DV Slot ID 328
[2024/1/27 - 11:36:50] Attempting to spawn DV Slot ID 329
[2024/1/27 - 11:36:50] Vehicle ID 392 spawned for DV Slot 329
[2024/1/27 - 11:36:50] Attempting to spawn DV Slot ID 330
[2024/1/27 - 11:36:50] Vehicle ID 393 spawned for DV Slot 330
[2024/1/27 - 11:36:50] Attempting to spawn DV Slot ID 331
[2024/1/27 - 11:36:50] Vehicle ID 394 spawned for DV Slot 331
[2024/1/27 - 11:36:50] Attempting to spawn DV Slot ID 332
[2024/1/27 - 11:36:50] Vehicle ID 395 spawned for DV Slot 332
[2024/1/27 - 11:36:50] Attempting to spawn DV Slot ID 333
[2024/1/27 - 11:36:50] Vehicle ID 396 spawned for DV Slot 333
[2024/1/27 - 11:36:50] Attempting to spawn DV Slot ID 334
[2024/1/27 - 11:36:50] Vehicle ID 397 spawned for DV Slot 334
[2024/1/27 - 11:36:50] Attempting to spawn DV Slot ID 335
[2024/1/27 - 11:36:50] Vehicle ID 398 spawned for DV Slot 335
[2024/1/27 - 11:36:50] Attempting to spawn DV Slot ID 336
[2024/1/27 - 11:36:50] Vehicle ID 399 spawned for DV Slot 336
[2024/1/27 - 11:36:50] Attempting to spawn DV Slot ID 337
[2024/1/27 - 11:36:50] Vehicle ID 400 spawned for DV Slot 337
[2024/1/27 - 11:36:50] Attempting to spawn DV Slot ID 338
[2024/1/27 - 11:36:50] Attempting to spawn DV Slot ID 339
[2024/1/27 - 11:36:50] Vehicle ID 401 spawned for DV Slot 339
[2024/1/27 - 11:36:50] Attempting to spawn DV Slot ID 340
[2024/1/27 - 11:36:51] Vehicle ID 402 spawned for DV Slot 340
[2024/1/27 - 11:36:51] Attempting to spawn DV Slot ID 342
[2024/1/27 - 11:36:51] Vehicle ID 403 spawned for DV Slot 342
[2024/1/27 - 11:36:51] Attempting to spawn DV Slot ID 343
[2024/1/27 - 11:36:51] Vehicle ID 404 spawned for DV Slot 343
[2024/1/27 - 11:36:51] Attempting to spawn DV Slot ID 344
[2024/1/27 - 11:36:51] Vehicle ID 405 spawned for DV Slot 344
[2024/1/27 - 11:36:51] Attempting to spawn DV Slot ID 345
[2024/1/27 - 11:36:51] Attempting to spawn DV Slot ID 346
[2024/1/27 - 11:36:51] Vehicle ID 406 spawned for DV Slot 346
[2024/1/27 - 11:36:51] Attempting to spawn DV Slot ID 347
[2024/1/27 - 11:36:51] Vehicle ID 407 spawned for DV Slot 347
[2024/1/27 - 11:36:51] Attempting to spawn DV Slot ID 348
[2024/1/27 - 11:36:51] Attempting to spawn DV Slot ID 349
[2024/1/27 - 11:36:51] Vehicle ID 408 spawned for DV Slot 349
[2024/1/27 - 11:36:51] Attempting to spawn DV Slot ID 350
[2024/1/27 - 11:36:51] Vehicle ID 409 spawned for DV Slot 350
[2024/1/27 - 11:36:51] Attempting to spawn DV Slot ID 351
[2024/1/27 - 11:36:51] Vehicle ID 410 spawned for DV Slot 351
[2024/1/27 - 11:36:51] Attempting to spawn DV Slot ID 352
[2024/1/27 - 11:36:51] Vehicle ID 411 spawned for DV Slot 352
[2024/1/27 - 11:36:51] Attempting to spawn DV Slot ID 353
[2024/1/27 - 11:36:51] Vehicle ID 412 spawned for DV Slot 353
[2024/1/27 - 11:36:51] Attempting to spawn DV Slot ID 354
[2024/1/27 - 11:36:51] Vehicle ID 413 spawned for DV Slot 354
[2024/1/27 - 11:36:51] Attempting to spawn DV Slot ID 355
[2024/1/27 - 11:36:51] Attempting to spawn DV Slot ID 356
[2024/1/27 - 11:36:51] Vehicle ID 414 spawned for DV Slot 356
[2024/1/27 - 11:36:51] Attempting to spawn DV Slot ID 358
[2024/1/27 - 11:36:51] Vehicle ID 415 spawned for DV Slot 358
[2024/1/27 - 11:36:51] Attempting to spawn DV Slot ID 359
[2024/1/27 - 11:36:51] Vehicle ID 416 spawned for DV Slot 359
[2024/1/27 - 11:36:51] Attempting to spawn DV Slot ID 360
[2024/1/27 - 11:36:51] Invalid Vehicle Model ID for DV Slot 360
[2024/1/27 - 11:36:51] Attempting to spawn DV Slot ID 361
[2024/1/27 - 11:36:51] Invalid Vehicle Model ID for DV Slot 361
[2024/1/27 - 11:36:51] Attempting to spawn DV Slot ID 362
[2024/1/27 - 11:36:51] Vehicle ID 417 spawned for DV Slot 362
[2024/1/27 - 11:36:51] Attempting to spawn DV Slot ID 363
[2024/1/27 - 11:36:51] Attempting to spawn DV Slot ID 364
[2024/1/27 - 11:36:51] Vehicle ID 418 spawned for DV Slot 364
[2024/1/27 - 11:36:51] Attempting to spawn DV Slot ID 365
[2024/1/27 - 11:36:51] Vehicle ID 419 spawned for DV Slot 365
[2024/1/27 - 11:36:51] Attempting to spawn DV Slot ID 366
[2024/1/27 - 11:36:51] Vehicle ID 420 spawned for DV Slot 366
[2024/1/27 - 11:36:51] Attempting to spawn DV Slot ID 367
[2024/1/27 - 11:36:51] Attempting to spawn DV Slot ID 368
[2024/1/27 - 11:36:51] Vehicle ID 421 spawned for DV Slot 368
[2024/1/27 - 11:36:51] Attempting to spawn DV Slot ID 369
[2024/1/27 - 11:36:51] Invalid Vehicle Model ID for DV Slot 369
[2024/1/27 - 11:36:51] Attempting to spawn DV Slot ID 370
[2024/1/27 - 11:36:51] Vehicle ID 422 spawned for DV Slot 370
[2024/1/27 - 11:36:51] Attempting to spawn DV Slot ID 371
[2024/1/27 - 11:36:51] Attempting to spawn DV Slot ID 372
[2024/1/27 - 11:36:51] Vehicle ID 423 spawned for DV Slot 372
[2024/1/27 - 11:36:51] Attempting to spawn DV Slot ID 373
[2024/1/27 - 11:36:51] Vehicle ID 424 spawned for DV Slot 373
[2024/1/27 - 11:36:51] Attempting to spawn DV Slot ID 374
[2024/1/27 - 11:36:51] Invalid Vehicle Model ID for DV Slot 374
[2024/1/27 - 11:36:51] Attempting to spawn DV Slot ID 375
[2024/1/27 - 11:36:51] Vehicle ID 425 spawned for DV Slot 375
[2024/1/27 - 11:36:51] Attempting to spawn DV Slot ID 376
[2024/1/27 - 11:36:51] Vehicle ID 426 spawned for DV Slot 376
[2024/1/27 - 11:36:51] Attempting to spawn DV Slot ID 377
[2024/1/27 - 11:36:51] Vehicle ID 427 spawned for DV Slot 377
[2024/1/27 - 11:36:51] Attempting to spawn DV Slot ID 378
[2024/1/27 - 11:36:51] Vehicle ID 428 spawned for DV Slot 378
[2024/1/27 - 11:36:51] Attempting to spawn DV Slot ID 381
[2024/1/27 - 11:36:51] Attempting to spawn DV Slot ID 382
[2024/1/27 - 11:36:51] Attempting to spawn DV Slot ID 383
[2024/1/27 - 11:36:51] Attempting to spawn DV Slot ID 384
[2024/1/27 - 11:36:51] Vehicle ID 429 spawned for DV Slot 384
[2024/1/27 - 11:36:51] Attempting to spawn DV Slot ID 386
[2024/1/27 - 11:36:51] Vehicle ID 430 spawned for DV Slot 386
[2024/1/27 - 11:36:51] Attempting to spawn DV Slot ID 388
[2024/1/27 - 11:36:51] Attempting to spawn DV Slot ID 393
[2024/1/27 - 11:36:51] Vehicle ID 431 spawned for DV Slot 393
[2024/1/27 - 11:36:51] Attempting to spawn DV Slot ID 394
[2024/1/27 - 11:36:51] Vehicle ID 432 spawned for DV Slot 394
[2024/1/27 - 11:36:51] Attempting to spawn DV Slot ID 403
[2024/1/27 - 11:36:51] Vehicle ID 433 spawned for DV Slot 403
[2024/1/27 - 11:36:51] Attempting to spawn DV Slot ID 411
[2024/1/27 - 11:36:51] Invalid Vehicle Model ID for DV Slot 411
[2024/1/27 - 11:36:51] Attempting to spawn DV Slot ID 412
[2024/1/27 - 11:36:51] Vehicle ID 434 spawned for DV Slot 412
[2024/1/27 - 11:36:51] Attempting to spawn DV Slot ID 414
[2024/1/27 - 11:36:51] Invalid Vehicle Model ID for DV Slot 414
[2024/1/27 - 11:36:51] Attempting to spawn DV Slot ID 418
[2024/1/27 - 11:36:51] Vehicle ID 435 spawned for DV Slot 418
[2024/1/27 - 11:36:51] Attempting to spawn DV Slot ID 421
[2024/1/27 - 11:36:51] Invalid Vehicle Model ID for DV Slot 421
[2024/1/27 - 11:36:51] Attempting to spawn DV Slot ID 422
[2024/1/27 - 11:36:51] Attempting to spawn DV Slot ID 423
[2024/1/27 - 11:36:51] Invalid Vehicle Model ID for DV Slot 423
[2024/1/27 - 11:36:51] Attempting to spawn DV Slot ID 431
[2024/1/27 - 11:36:51] Invalid Vehicle Model ID for DV Slot 431
[2024/1/27 - 11:36:51] Attempting to spawn DV Slot ID 432
[2024/1/27 - 11:36:51] Attempting to spawn DV Slot ID 433
[2024/1/27 - 11:36:51] Attempting to spawn DV Slot ID 438
[2024/1/27 - 11:36:51] Invalid Vehicle Model ID for DV Slot 438
[2024/1/27 - 11:36:51] Attempting to spawn DV Slot ID 441
[2024/1/27 - 11:36:51] Invalid Vehicle Model ID for DV Slot 441
[2024/1/27 - 11:36:51] Attempting to spawn DV Slot ID 442
[2024/1/27 - 11:36:51] Vehicle ID 436 spawned for DV Slot 442
[2024/1/27 - 11:36:51] Attempting to spawn DV Slot ID 450
[2024/1/27 - 11:36:51] Invalid Vehicle Model ID for DV Slot 450
[2024/1/27 - 11:36:51] Attempting to spawn DV Slot ID 456
[2024/1/27 - 11:36:51] Invalid Vehicle Model ID for DV Slot 456
[2024/1/27 - 11:36:51] Attempting to spawn DV Slot ID 459
[2024/1/27 - 11:36:51] Invalid Vehicle Model ID for DV Slot 459
[2024/1/27 - 11:36:51] Attempting to spawn DV Slot ID 460
[2024/1/27 - 11:36:51] Invalid Vehicle Model ID for DV Slot 460
[2024/1/27 - 11:36:51] Attempting to spawn DV Slot ID 462
[2024/1/27 - 11:36:51] Attempting to spawn DV Slot ID 463
[2024/1/27 - 11:36:51] Attempting to spawn DV Slot ID 464
[2024/1/27 - 11:36:51] Invalid Vehicle Model ID for DV Slot 464
[2024/1/27 - 11:36:51] Attempting to spawn DV Slot ID 466
[2024/1/27 - 11:36:51] Vehicle ID 437 spawned for DV Slot 466
[2024/1/27 - 11:36:51] Attempting to spawn DV Slot ID 467
[2024/1/27 - 11:36:51] Invalid Vehicle Model ID for DV Slot 467
[2024/1/27 - 11:36:51] Attempting to spawn DV Slot ID 470
[2024/1/27 - 11:36:51] Invalid Vehicle Model ID for DV Slot 470
[2024/1/27 - 11:36:51] Attempting to spawn DV Slot ID 477
[2024/1/27 - 11:36:51] Invalid Vehicle Model ID for DV Slot 477
[2024/1/27 - 11:36:51] Attempting to spawn DV Slot ID 479
[2024/1/27 - 11:36:51] Invalid Vehicle Model ID for DV Slot 479
[2024/1/27 - 11:36:51] Attempting to spawn DV Slot ID 480
[2024/1/27 - 11:36:51] Invalid Vehicle Model ID for DV Slot 480
[2024/1/27 - 11:36:51] Attempting to spawn DV Slot ID 482
[2024/1/27 - 11:36:51] Invalid Vehicle Model ID for DV Slot 482
[2024/1/27 - 11:36:51] Attempting to spawn DV Slot ID 487
[2024/1/27 - 11:36:51] Invalid Vehicle Model ID for DV Slot 487
[2024/1/27 - 11:36:51] Attempting to spawn DV Slot ID 492
[2024/1/27 - 11:36:51] Invalid Vehicle Model ID for DV Slot 492
[2024/1/27 - 11:36:51] Attempting to spawn DV Slot ID 503
[2024/1/27 - 11:36:51] Invalid Vehicle Model ID for DV Slot 503
[2024/1/27 - 11:36:51] Attempting to spawn DV Slot ID 506
[2024/1/27 - 11:36:51] Vehicle ID 438 spawned for DV Slot 506
[2024/1/27 - 11:36:51] Attempting to spawn DV Slot ID 511
[2024/1/27 - 11:36:51] Invalid Vehicle Model ID for DV Slot 511
[2024/1/27 - 11:36:51] Attempting to spawn DV Slot ID 513
[2024/1/27 - 11:36:51] Invalid Vehicle Model ID for DV Slot 513
[2024/1/27 - 11:36:51] Attempting to spawn DV Slot ID 514
[2024/1/27 - 11:36:51] Invalid Vehicle Model ID for DV Slot 514
[2024/1/27 - 11:36:51] Attempting to spawn DV Slot ID 515
[2024/1/27 - 11:36:51] Attempting to spawn DV Slot ID 516
[2024/1/27 - 11:36:51] Invalid Vehicle Model ID for DV Slot 516
[2024/1/27 - 11:36:51] Attempting to spawn DV Slot ID 517
[2024/1/27 - 11:36:51] Invalid Vehicle Model ID for DV Slot 517
[2024/1/27 - 11:36:51] Attempting to spawn DV Slot ID 519
[2024/1/27 - 11:36:51] Invalid Vehicle Model ID for DV Slot 519
[2024/1/27 - 11:36:51] Attempting to spawn DV Slot ID 520
[2024/1/27 - 11:36:51] Invalid Vehicle Model ID for DV Slot 520
[2024/1/27 - 11:36:51] Attempting to spawn DV Slot ID 523
[2024/1/27 - 11:36:51] Invalid Vehicle Model ID for DV Slot 523
[2024/1/27 - 11:36:51] Attempting to spawn DV Slot ID 524
[2024/1/27 - 11:36:51] Invalid Vehicle Model ID for DV Slot 524
[2024/1/27 - 11:36:51] Attempting to spawn DV Slot ID 525
[2024/1/27 - 11:36:51] Invalid Vehicle Model ID for DV Slot 525
[2024/1/27 - 11:36:51] Attempting to spawn DV Slot ID 537
[2024/1/27 - 11:36:51] Invalid Vehicle Model ID for DV Slot 537
[2024/1/27 - 11:36:51] Attempting to spawn DV Slot ID 538
[2024/1/27 - 11:36:51] Invalid Vehicle Model ID for DV Slot 538
[2024/1/27 - 11:36:51] Attempting to spawn DV Slot ID 540
[2024/1/27 - 11:36:51] Attempting to spawn DV Slot ID 543
[2024/1/27 - 11:36:51] Attempting to spawn DV Slot ID 547
[2024/1/27 - 11:36:51] Attempting to spawn DV Slot ID 553
[2024/1/27 - 11:36:51] Attempting to spawn DV Slot ID 558
[2024/1/27 - 11:36:51] Invalid Vehicle Model ID for DV Slot 558
[2024/1/27 - 11:36:51] Attempting to spawn DV Slot ID 562
[2024/1/27 - 11:36:51] Invalid Vehicle Model ID for DV Slot 562
[2024/1/27 - 11:36:51] Attempting to spawn DV Slot ID 565
[2024/1/27 - 11:36:51] Invalid Vehicle Model ID for DV Slot 565
[2024/1/27 - 11:36:51] Attempting to spawn DV Slot ID 586
[2024/1/27 - 11:36:51] Invalid Vehicle Model ID for DV Slot 586
[2024/1/27 - 11:36:51] Attempting to spawn DV Slot ID 588
[2024/1/27 - 11:36:51] Invalid Vehicle Model ID for DV Slot 588
[2024/1/27 - 11:36:51] Attempting to spawn DV Slot ID 590
[2024/1/27 - 11:36:51] Invalid Vehicle Model ID for DV Slot 590
[2024/1/27 - 11:36:51] Attempting to spawn DV Slot ID 591
[2024/1/27 - 11:36:51] Invalid Vehicle Model ID for DV Slot 591
[2024/1/27 - 11:36:51] Attempting to spawn DV Slot ID 595
[2024/1/27 - 11:36:51] Invalid Vehicle Model ID for DV Slot 595
[2024/1/27 - 11:36:51] Attempting to spawn DV Slot ID 602
[2024/1/27 - 11:36:51] Invalid Vehicle Model ID for DV Slot 602
[2024/1/27 - 11:36:51] Attempting to spawn DV Slot ID 603
[2024/1/27 - 11:36:51] Invalid Vehicle Model ID for DV Slot 603
[2024/1/27 - 11:36:51] Attempting to spawn DV Slot ID 604
[2024/1/27 - 11:36:51] Invalid Vehicle Model ID for DV Slot 604
[2024/1/27 - 11:36:51] Attempting to spawn DV Slot ID 605
[2024/1/27 - 11:36:51] Invalid Vehicle Model ID for DV Slot 605
[2024/1/27 - 11:36:51] Attempting to spawn DV Slot ID 610
[2024/1/27 - 11:36:51] Invalid Vehicle Model ID for DV Slot 610
[2024/1/27 - 11:36:51] Attempting to spawn DV Slot ID 613
[2024/1/27 - 11:36:51] Invalid Vehicle Model ID for DV Slot 613
[2024/1/27 - 11:36:51] Attempting to spawn DV Slot ID 614
[2024/1/27 - 11:36:51] Invalid Vehicle Model ID for DV Slot 614
[2024/1/27 - 11:36:51] Attempting to spawn DV Slot ID 617
[2024/1/27 - 11:36:51] Invalid Vehicle Model ID for DV Slot 617
[2024/1/27 - 11:36:51] Attempting to spawn DV Slot ID 618
[2024/1/27 - 11:36:51] Invalid Vehicle Model ID for DV Slot 618
[2024/1/27 - 11:36:51] Attempting to spawn DV Slot ID 624
[2024/1/27 - 11:36:51] Vehicle ID 439 spawned for DV Slot 624
[2024/1/27 - 11:36:51] Attempting to spawn DV Slot ID 626
[2024/1/27 - 11:36:51] Invalid Vehicle Model ID for DV Slot 626
[2024/1/27 - 11:36:51] Attempting to spawn DV Slot ID 643
[2024/1/27 - 11:36:51] Invalid Vehicle Model ID for DV Slot 643
[2024/1/27 - 11:36:51] Attempting to spawn DV Slot ID 645
[2024/1/27 - 11:36:51] Invalid Vehicle Model ID for DV Slot 645
